# JRE version: Java(TM) SE Runtime Environment 18.9 (11.0.15.1+2) (build 11.0.15.1+2-LTS-10)
# Java VM: Java HotSpot(TM) 64-Bit Server VM 18.9 (11.0.15.1+2-LTS-10, mixed mode, tiered, compressed oops, g1 gc, windows-amd64)
Heap:
 garbage-first heap   total 310272K, used 66475K [0x0000000704800000, 0x0000000800000000)
  region size 1024K, 25 young (25600K), 5 survivors (5120K)
 Metaspace       used 34595K, capacity 35294K, committed 35328K, reserved 1081344K
  class space    used 3573K, capacity 3840K, committed 3840K, reserved 1048576K
GC Heap History (10 events):
Event: 0.317 GC heap before
{Heap before GC invocations=0 (full 0):
 garbage-first heap   total 258048K, used 23552K [0x0000000704800000, 0x0000000800000000)
  region size 1024K, 24 young (24576K), 0 survivors (0K)
 Metaspace       used 12320K, capacity 12568K, committed 12672K, reserved 1060864K
  class space    used 1236K, capacity 1316K, committed 1408K, reserved 1048576K
}
Event: 0.320 GC heap after
{Heap after GC invocations=1 (full 0):
 garbage-first heap   total 258048K, used 3673K [0x0000000704800000, 0x0000000800000000)
  region size 1024K, 3 young (3072K), 3 survivors (3072K)
 Metaspace       used 12320K, capacity 12568K, committed 12672K, reserved 1060864K
  class space    used 1236K, capacity 1316K, committed 1408K, reserved 1048576K
}
Event: 1.352 GC heap before
{Heap before GC invocations=1 (full 0):
 garbage-first heap   total 258048K, used 152153K [0x0000000704800000, 0x0000000800000000)
  region size 1024K, 149 young (152576K), 3 survivors (3072K)
 Metaspace       used 20858K, capacity 21233K, committed 21248K, reserved 1069056K
  class space    used 2165K, capacity 2291K, committed 2304K, reserved 1048576K
}
Event: 1.360 GC heap after
{Heap after GC invocations=2 (full 0):
 garbage-first heap   total 258048K, used 15318K [0x0000000704800000, 0x0000000800000000)
  region size 1024K, 15 young (15360K), 15 survivors (15360K)
 Metaspace       used 20858K, capacity 21233K, committed 21248K, reserved 1069056K
  class space    used 2165K, capacity 2291K, committed 2304K, reserved 1048576K
}
Event: 2.621 GC heap before
{Heap before GC invocations=3 (full 0):
 garbage-first heap   total 258048K, used 159702K [0x0000000704800000, 0x0000000800000000)
  region size 1024K, 109 young (111616K), 15 survivors (15360K)
 Metaspace       used 31063K, capacity 31580K, committed 31744K, reserved 1077248K
  class space    used 3260K, capacity 3479K, committed 3584K, reserved 1048576K
}
Event: 2.633 GC heap after
{Heap after GC invocations=4 (full 0):
 garbage-first heap   total 258048K, used 33061K [0x0000000704800000, 0x0000000800000000)
  region size 1024K, 14 young (14336K), 14 survivors (14336K)
 Metaspace       used 31063K, capacity 31580K, committed 31744K, reserved 1077248K
  class space    used 3260K, capacity 3479K, committed 3584K, reserved 1048576K
}
Event: 2.896 GC heap before
{Heap before GC invocations=4 (full 0):
 garbage-first heap   total 258048K, used 78117K [0x0000000704800000, 0x0000000800000000)
  region size 1024K, 57 young (58368K), 14 survivors (14336K)
 Metaspace       used 31812K, capacity 32413K, committed 32512K, reserved 1079296K
  class space    used 3294K, capacity 3534K, committed 3584K, reserved 1048576K
}
Event: 2.903 GC heap after
{Heap after GC invocations=5 (full 0):
 garbage-first heap   total 258048K, used 42399K [0x0000000704800000, 0x0000000800000000)
  region size 1024K, 8 young (8192K), 8 survivors (8192K)
 Metaspace       used 31812K, capacity 32413K, committed 32512K, reserved 1079296K
  class space    used 3294K, capacity 3534K, committed 3584K, reserved 1048576K
}
Event: 3.303 GC heap before
{Heap before GC invocations=5 (full 0):
 garbage-first heap   total 258048K, used 120223K [0x0000000704800000, 0x0000000800000000)
  region size 1024K, 85 young (87040K), 8 survivors (8192K)
 Metaspace       used 34101K, capacity 34756K, committed 35072K, reserved 1081344K
  class space    used 3516K, capacity 3779K, committed 3840K, reserved 1048576K
}
Event: 3.309 GC heap after
{Heap after GC invocations=6 (full 0):
 garbage-first heap   total 310272K, used 47019K [0x0000000704800000, 0x0000000800000000)
  region size 1024K, 5 young (5120K), 5 survivors (5120K)
 Metaspace       used 34101K, capacity 34756K, committed 35072K, reserved 1081344K
  class space    used 3516K, capacity 3779K, committed 3840K, reserved 1048576K
}

